[18:50:23] [main/INFO]: Logging in with username & password
[18:50:26] [main/INFO]: Setting user: liamjarvisman
[18:50:27] [Client thread/INFO]: LWJGL Version: 2.9.1
[18:50:34] [Client thread/INFO]: Reloading ResourceManager: Default, FMLFileResourcePack:Forge Mod Loader, FMLFileResourcePack:Minecraft Forge, FMLFileResourcePack:Extra Baubles, FMLFileResourcePack:Baubles, FMLFileResourcePack:Immersive Engineering
[18:50:35] [Sound Library Loader/INFO]: Sound engine started
[18:50:35] [Client thread/INFO]: Created: 16x16 textures/blocks-atlas
[18:50:35] [Client thread/INFO]: Created: 16x16 textures/items-atlas
[18:50:35] [Client thread/INFO]: Created: 16x16 textures/revolvers-atlas
[18:50:35] [Client thread/INFO]: Reloading ResourceManager: Default, FMLFileResourcePack:Forge Mod Loader, FMLFileResourcePack:Minecraft Forge, FMLFileResourcePack:Extra Baubles, FMLFileResourcePack:Baubles, FMLFileResourcePack:Immersive Engineering
[18:50:36] [Client thread/INFO]: Created: 512x512 textures/blocks-atlas
[18:50:36] [Client thread/INFO]: Created: 512x512 textures/revolvers-atlas
[18:50:36] [Client thread/INFO]: Created: 512x256 textures/items-atlas
[18:50:37] [Sound Library Loader/INFO]: Sound engine started
[18:50:43] [Server thread/INFO]: Starting integrated minecraft server version 1.7.10
[18:50:43] [Server thread/INFO]: Generating keypair
[18:50:43] [Server thread/INFO]: Preparing start region for level 0
[18:50:43] [Server thread/INFO]: Changing view distance to 12, from 10
[18:50:44] [Server thread/INFO]: liamjarvisman[local:E:bff925e8] logged in with entity id 151 at (-265.65057528644184, 4.0, -108.2866306518879)
[18:50:44] [Server thread/INFO]: liamjarvisman joined the game
[18:50:49] [Server thread/INFO]: [liamjarvisman: Set own game mode to Creative Mode]
[18:50:49] [Client thread/INFO]: [CHAT] Your game mode has been updated
[18:55:36] [Client thread/INFO]: [CHAT] The connection is obstructed
[18:57:01] [Client thread/INFO]: [CHAT] The connection is obstructed
[18:58:39] [Server thread/INFO]: [liamjarvisman: Set own game mode to Survival Mode]
[18:58:39] [Client thread/INFO]: [CHAT] Your game mode has been updated
[18:59:46] [Server thread/INFO]: [liamjarvisman: Set own game mode to Creative Mode]
[18:59:46] [Client thread/INFO]: [CHAT] Your game mode has been updated
[19:01:09] [Client thread/INFO]: [CHAT] The connection is obstructed
[19:04:14] [Client thread/INFO]: Stopping!
[19:04:14] [Server thread/INFO]: Stopping server
[19:04:14] [Server thread/INFO]: Saving players
[19:04:14] [Server thread/INFO]: Saving worlds
[19:04:14] [Server thread/INFO]: Saving chunks for level 'New World'/Overworld
[19:04:14] [Server thread/INFO]: Saving chunks for level 'New World'/Nether
[19:04:14] [Server thread/INFO]: Saving chunks for level 'New World'/The End
